<?xml version="1.0" encoding="UTF-8"?>
<!-- Generated by org.testng.reporters.JUnitReportReporter -->
<testsuite hostname="asus" failures="0" tests="5" name="demoTestpkg.DemoTest" time="6.601" errors="0" timestamp="2023-07-10T20:53:21 IST" skipped="0">
  <testcase classname="demoTestpkg.DemoTest" name="login" time="1.588"/>
  <system-out/>
  <testcase classname="demoTestpkg.DemoTest" name="addToCart" time="0.862"/>
  <system-out/>
  <testcase classname="demoTestpkg.DemoTest" name="checkout" time="1.348"/>
  <system-out/>
  <testcase classname="demoTestpkg.DemoTest" name="placeOrder" time="2.617"/>
  <system-out/>
  <testcase classname="demoTestpkg.DemoTest" name="orderFinish" time="0.186"/>
  <system-out/>
</testsuite> <!-- demoTestpkg.DemoTest -->
